<?xml version="1.0" encoding="UTF-8"?>
<testng-results ignored="0" total="1" passed="1" failed="0" skipped="0">
  <reporter-output>
  </reporter-output>
  <suite started-at="2026-03-03T09:44:33 IST" name="Suite" finished-at="2026-03-03T09:44:44 IST" duration-ms="10967">
    <groups>
    </groups>
    <test started-at="2026-03-03T09:44:33 IST" name="Test" finished-at="2026-03-03T09:44:44 IST" duration-ms="10967">
      <class name="com.abc.demo.JenkinsExample.First">
        <test-method signature="validLogin()[pri:0, instance:com.abc.demo.JenkinsExample.First@313ac989]" started-at="2026-03-03T09:44:33 IST" name="validLogin" finished-at="2026-03-03T09:44:44 IST" duration-ms="10904" status="PASS">
          <reporter-output>
          </reporter-output>
        </test-method> <!-- validLogin -->
      </class> <!-- com.abc.demo.JenkinsExample.First -->
    </test> <!-- Test -->
  </suite> <!-- Suite -->
</testng-results>
